0 info it worked if it ends with ok
1 verbose cli [ 'E:\\Program Files\\nodejs\\node.exe',
1 verbose cli   'E:\\Program Files\\nodejs\\node_modules\\npm\\bin\\npm-cli.js',
1 verbose cli   'run',
1 verbose cli   'dev' ]
2 info using npm@3.9.5
3 info using node@v6.2.2
4 verbose run-script [ 'predev', 'dev', 'postdev' ]
5 info lifecycle router@1.0.0~predev: router@1.0.0
6 silly lifecycle router@1.0.0~predev: no script for predev, continuing
7 info lifecycle router@1.0.0~dev: router@1.0.0
8 verbose lifecycle router@1.0.0~dev: unsafe-perm in lifecycle true
9 verbose lifecycle router@1.0.0~dev: PATH: E:\Program Files\nodejs\node_modules\npm\bin\node-gyp-bin;E:\wks\blog\vue-router\demo1\node_modules\.bin;E:\Program Files\nodejs;E:\Ruby23-x64\bin;%MVN_HOME%/bin;C:\ProgramData\Oracle\Java\javapath;C:\Program Files\Java\jdk1.8.0_91\bin;C:\Windows\system32;C:\Windows;C:\Windows\System32\Wbem;C:\Windows\System32\WindowsPowerShell\v1.0\;C:\Program Files\Lenovo\Fingerprint Manager Pro\;C:\Program Files (x86)\Common Files\Lenovo;C:\Program Files (x86)\Common Files\lenovo\easyplussdk\bin;C:\ProgramData\Lenovo\ReadyApps;C:\Program Files (x86)\Microsoft SQL Server\100\Tools\Binn\;C:\Program Files\Microsoft SQL Server\100\Tools\Binn\;C:\Program Files\Microsoft SQL Server\100\DTS\Binn\;C:\Program Files (x86)\Microsoft SQL Server\100\Tools\Binn\VSShell\Common7\IDE\;C:\Program Files (x86)\Microsoft SQL Server\100\DTS\Binn\;C:\Program Files (x86)\Microsoft Visual Studio 9.0\Common7\IDE\PrivateAssemblies\;E:\Program Files\SlikSvn\bin;E:\AppServer\apache-maven-3.2.1\bin;C:\Program Files\Intel\WiFi\bin\;C:\Program Files\Common Files\Intel\WirelessCommon\;E:\Program Files\Git\cmd;C:\ProgramData\chocolatey\bin;C:\tools\python2;E:\Program Files\nodejs\;;E:\Program Files (x86)\Microsoft VS Code\bin
10 verbose lifecycle router@1.0.0~dev: CWD: E:\wks\blog\vue-router\demo1
11 silly lifecycle router@1.0.0~dev: Args: [ '/d /s /c',
11 silly lifecycle   'cross-env webpack-dev-server --progress --color' ]
12 silly lifecycle router@1.0.0~dev: Returned: code: 1  signal: null
13 info lifecycle router@1.0.0~dev: Failed to exec dev script
14 verbose stack Error: router@1.0.0 dev: `cross-env webpack-dev-server --progress --color`
14 verbose stack Exit status 1
14 verbose stack     at EventEmitter.<anonymous> (E:\Program Files\nodejs\node_modules\npm\lib\utils\lifecycle.js:245:16)
14 verbose stack     at emitTwo (events.js:106:13)
14 verbose stack     at EventEmitter.emit (events.js:191:7)
14 verbose stack     at ChildProcess.<anonymous> (E:\Program Files\nodejs\node_modules\npm\lib\utils\spawn.js:24:14)
14 verbose stack     at emitTwo (events.js:106:13)
14 verbose stack     at ChildProcess.emit (events.js:191:7)
14 verbose stack     at maybeClose (internal/child_process.js:852:16)
14 verbose stack     at Process.ChildProcess._handle.onexit (internal/child_process.js:215:5)
15 verbose pkgid router@1.0.0
16 verbose cwd E:\wks\blog\vue-router\demo1
17 error Windows_NT 6.1.7601
18 error argv "E:\\Program Files\\nodejs\\node.exe" "E:\\Program Files\\nodejs\\node_modules\\npm\\bin\\npm-cli.js" "run" "dev"
19 error node v6.2.2
20 error npm  v3.9.5
21 error code ELIFECYCLE
22 error router@1.0.0 dev: `cross-env webpack-dev-server --progress --color`
22 error Exit status 1
23 error Failed at the router@1.0.0 dev script 'cross-env webpack-dev-server --progress --color'.
23 error Make sure you have the latest version of node.js and npm installed.
23 error If you do, this is most likely a problem with the router package,
23 error not with npm itself.
23 error Tell the author that this fails on your system:
23 error     cross-env webpack-dev-server --progress --color
23 error You can get information on how to open an issue for this project with:
23 error     npm bugs router
23 error Or if that isn't available, you can get their info via:
23 error     npm owner ls router
23 error There is likely additional logging output above.
24 verbose exit [ 1, true ]
